<?xml version="1.0" encoding="UTF-8"?>
<!-- Generated by org.testng.reporters.JUnitReportReporter -->
<testsuite skipped="0" hostname="DESKTOP-N8OU8L6" name="Org.test.SearchBookings" tests="1" failures="0" timestamp="23 Dec 2020 17:29:23 GMT" time="28.035" errors="0">
  <testcase name="SearchBooking" time="28.035" classname="Org.test.SearchBookings"/>
</testsuite> <!-- Org.test.SearchBookings -->
