<?xml version="1.0" encoding="UTF-8"?>
<!-- Generated by org.testng.reporters.JUnitReportReporter -->
<testsuite skipped="0" hostname="DESKTOP-N8OU8L6" name="Org.testcases.TestNGgrpFeatures" tests="1" failures="0" timestamp="14 Dec 2020 13:15:16 GMT" time="0.001" errors="0">
  <testcase name="HomePage" time="0.001" classname="Org.testcases.TestNGgrpFeatures"/>
</testsuite> <!-- Org.testcases.TestNGgrpFeatures -->
