<?xml version="1.0" encoding="UTF-8"?>
<!-- Generated by org.testng.reporters.JUnitReportReporter -->
<testsuite skipped="2" hostname="DESKTOP-N8OU8L6" name="Org.testcases.TestNGFeatures1" tests="10" failures="0" timestamp="15 Dec 2020 19:26:44 GMT" time="0.056" errors="0">
  <testcase name="TC4" time="0.007" classname="Org.testcases.TestNGFeatures1"/>
  <testcase name="TC4" time="0.023" classname="Org.testcases.TestNGFeatures1"/>
  <testcase name="TC5" time="0.012" classname="Org.testcases.TestNGFeatures1"/>
  <testcase name="TC5" time="0.005" classname="Org.testcases.TestNGFeatures1"/>
  <testcase name="TC1" time="0.003" classname="Org.testcases.TestNGFeatures1"/>
  <testcase name="TC1" time="0.002" classname="Org.testcases.TestNGFeatures1"/>
  <testcase name="TC2" time="0.001" classname="Org.testcases.TestNGFeatures1"/>
  <testcase name="TC2" time="0.003" classname="Org.testcases.TestNGFeatures1"/>
  <testcase name="TC3" classname="Org.testcases.TestNGFeatures1">
    <skipped/>
  </testcase> <!-- TC3 -->
  <testcase name="TC3" classname="Org.testcases.TestNGFeatures1">
    <skipped/>
  </testcase> <!-- TC3 -->
</testsuite> <!-- Org.testcases.TestNGFeatures1 -->
