<?xml version="1.0" encoding="UTF-8"?>
<!-- Generated by org.testng.reporters.JUnitReportReporter -->
<testsuite skipped="0" hostname="DESKTOP-N8OU8L6" name="Org.testcases.TestNGgrpFeatures2" tests="6" failures="0" timestamp="14 Dec 2020 13:15:16 GMT" time="0.047" errors="0">
  <testcase name="SearchBoxTest" time="0.006" classname="Org.testcases.TestNGgrpFeatures2"/>
  <testcase name="SearchResultTest" time="0.002" classname="Org.testcases.TestNGgrpFeatures2"/>
  <testcase name="GoogleImgTest" time="0.027" classname="Org.testcases.TestNGgrpFeatures2"/>
  <testcase name="SearchResultTest" time="0.005" classname="Org.testcases.TestNGgrpFeatures2"/>
  <testcase name="SearchResultTest" time="0.006" classname="Org.testcases.TestNGgrpFeatures2"/>
  <testcase name="GoogleHomePage" time="0.001" classname="Org.testcases.TestNGgrpFeatures2"/>
</testsuite> <!-- Org.testcases.TestNGgrpFeatures2 -->
