<?xml version="1.0" encoding="UTF-8"?>
<!-- Generated by org.testng.reporters.JUnitReportReporter -->
<testsuite skipped="0" hostname="DESKTOP-N8OU8L6" name="Org.testcases.forever" tests="2" failures="0" timestamp="22 Dec 2020 14:13:22 GMT" time="77.816" errors="0">
  <testcase name="LoginForever" time="49.225" classname="Org.testcases.forever"/>
  <testcase name="LoginYouTube" time="28.591" classname="Org.testcases.forever"/>
</testsuite> <!-- Org.testcases.forever -->
