<?xml version="1.0" encoding="UTF-8"?>
<!-- Generated by org.testng.reporters.JUnitReportReporter -->
<testsuite skipped="0" hostname="DESKTOP-N8OU8L6" name="Org.test.findProducts" tests="1" failures="0" timestamp="16 Dec 2020 15:47:53 GMT" time="87.259" errors="0">
  <testcase name="printingproducts" time="87.259" classname="Org.test.findProducts"/>
</testsuite> <!-- Org.test.findProducts -->
