<?xml version="1.0" encoding="UTF-8"?>
<!-- Generated by org.testng.reporters.JUnitReportReporter -->
<testsuite skipped="0" hostname="DESKTOP-N8OU8L6" name="Org.testcases.TestNGDataProviders" tests="4" failures="0" timestamp="21 Dec 2020 14:57:23 GMT" time="91.497" errors="0">
  <testcase name="SearchData" time="23.469" classname="Org.testcases.TestNGDataProviders"/>
  <testcase name="SearchData" time="21.780" classname="Org.testcases.TestNGDataProviders"/>
  <testcase name="SearchData" time="21.934" classname="Org.testcases.TestNGDataProviders"/>
  <testcase name="SearchData" time="24.314" classname="Org.testcases.TestNGDataProviders"/>
</testsuite> <!-- Org.testcases.TestNGDataProviders -->
