<?xml version="1.0" encoding="UTF-8"?>
<!-- Generated by org.testng.reporters.JUnitReportReporter -->
<testsuite skipped="0" hostname="DESKTOP-N8OU8L6" name="Org.testcases.TestNGExeOrder" tests="6" failures="0" timestamp="15 Dec 2020 19:26:44 GMT" time="0.019" errors="0">
  <testcase name="SearchBox" time="0.002" classname="Org.testcases.TestNGExeOrder"/>
  <testcase name="googleTitleTest" time="0.009" classname="Org.testcases.TestNGExeOrder"/>
  <testcase name="GoogleImg" time="0.003" classname="Org.testcases.TestNGExeOrder"/>
  <testcase name="SearchBox" time="0.003" classname="Org.testcases.TestNGExeOrder"/>
  <testcase name="GoogleImg" time="0.002" classname="Org.testcases.TestNGExeOrder"/>
  <testcase name="googleTitleTest" time="0.000" classname="Org.testcases.TestNGExeOrder"/>
</testsuite> <!-- Org.testcases.TestNGExeOrder -->
