<?xml version="1.0" encoding="UTF-8"?>
<!-- Generated by org.testng.reporters.JUnitReportReporter -->
<testsuite skipped="0" hostname="DESKTOP-N8OU8L6" name="Org.testcases.TestNGFeatures" tests="9" failures="0" timestamp="13 Dec 2020 15:08:41 GMT" time="0.031" errors="0">
  <testcase name="SearchResultTest" time="0.004" classname="Org.testcases.TestNGFeatures"/>
  <testcase name="SearchBoxTest" time="0.003" classname="Org.testcases.TestNGFeatures"/>
  <testcase name="SearchBoxTest" time="0.006" classname="Org.testcases.TestNGFeatures"/>
  <testcase name="Login" time="0.002" classname="Org.testcases.TestNGFeatures"/>
  <testcase name="SearchBoxTest" time="0.002" classname="Org.testcases.TestNGFeatures"/>
  <testcase name="SearchResultTest" time="0.001" classname="Org.testcases.TestNGFeatures"/>
  <testcase name="SearchResultTest" time="0.007" classname="Org.testcases.TestNGFeatures"/>
  <testcase name="SearchBoxTest" time="0.003" classname="Org.testcases.TestNGFeatures"/>
  <testcase name="GoogleImgTest" time="0.003" classname="Org.testcases.TestNGFeatures"/>
</testsuite> <!-- Org.testcases.TestNGFeatures -->
